<?xml version="1.0" encoding="UTF-8"?>
<testng-results skipped="0" failed="0" ignored="0" total="1" passed="1">
  <reporter-output>
  </reporter-output>
  <suite name="Default suite" duration-ms="85" started-at="2018-12-04T20:41:08Z" finished-at="2018-12-04T20:41:08Z">
    <groups>
    </groups>
    <test name="Default test" duration-ms="85" started-at="2018-12-04T20:41:08Z" finished-at="2018-12-04T20:41:08Z">
      <class name="Assignment7.printPropertyFile">
        <test-method status="PASS" signature="printdetail()[pri:0, instance:Assignment7.printPropertyFile@3bfdc050]" name="printdetail" duration-ms="25" started-at="2018-12-04T20:41:08Z" finished-at="2018-12-04T20:41:08Z">
          <reporter-output>
          </reporter-output>
        </test-method> <!-- printdetail -->
      </class> <!-- Assignment7.printPropertyFile -->
    </test> <!-- Default test -->
  </suite> <!-- Default suite -->
</testng-results>
